2023-09-01-22:57:28 INFO  BaseTest:getBrowserType:Headless chrome is configured
2023-09-01-22:57:32 INFO  BaseTest:setup:userMenuDropDown_TC06Test object is reporting
2023-09-02-20:55:38 INFO  BaseTest:getBrowserType:Headless chrome is configured
2023-09-02-20:55:46 INFO  BaseTest:setup:userMenuDropDown_TC06Test object is reporting
2023-09-02-21:11:49 INFO  BaseTest:getBrowserType:Headless chrome is configured
2023-09-02-21:11:51 INFO  BaseTest:setup:userMenuDropDown_TC06Test object is reporting
2023-09-02-21:21:57 INFO  BaseTest:getBrowserType:Headless chrome is configured
2023-09-02-21:22:03 INFO  BaseTest:setup:userMenuDropDown_TC06Test object is reporting
2023-09-02-21:32:51 FATAL BaseTest:getBrowserType:Headless chrome is configured
2023-09-02-21:32:51 INFO  BaseTest:setup:userMenuDropDown_TC06Test object is reporting
2023-09-02-21:34:42 FATAL BaseTest:getBrowserType:Headless chrome is configured
2023-09-02-21:34:42 INFO  BaseTest:setup:userMenuDropDown_TC06Test object is reporting
2023-09-02-21:37:07 FATAL BaseTest:getBrowserType:Headless chrome is configured
2023-09-02-21:37:07 INFO  BaseTest:setup:userMenuDropDown_TC06Test object is reporting
2023-09-02-21:39:41 FATAL BaseTest:getBrowserType:Headless chrome is configured
2023-09-02-21:39:41 INFO  BaseTest:setup:userMenuDropDown_TC06Test object is reporting
2023-09-02-21:39:55 FATAL BaseTest:getBrowserType:Headless chrome is configured
2023-09-02-21:41:56 FATAL BaseTest:getBrowserType:Headless chrome is configured
2023-09-02-21:41:56 INFO  BaseTest:setup:navigateToHomeTest object is reporting
2023-09-02-21:43:05 FATAL BaseTest:getBrowserType:Headless chrome is configured
2023-09-02-21:43:05 INFO  BaseTest:setup:setupTest object is reporting
2023-09-02-21:44:29 INFO  BaseTest:getBrowserType:Headless firefox is configured
2023-09-02-21:44:29 INFO  BaseTest:setup:setupTest object is reporting
2023-09-02-21:44:29 INFO  BaseTest:teardown:teardownTear down
2023-09-02-21:45:08 INFO  BaseTest:getBrowserType:Headless firefox is configured
2023-09-02-21:45:08 INFO  BaseTest:setup:setupTest object is reporting
2023-09-02-21:45:08 INFO  BaseTest:teardown:teardownTear down
2023-09-02-21:45:35 INFO  BaseTest:getBrowserType:Headless firefox is configured
2023-09-02-21:45:35 INFO  BaseTest:setup:setupTest object is reporting
2023-09-02-21:45:35 INFO  BaseTest:teardown:teardownTear down
2023-09-02-21:45:55 INFO  BaseTest:getBrowserType:Headless firefox is configured
2023-09-02-21:46:22 INFO  BaseTest:getBrowserType:Headless firefox is configured
2023-09-02-21:48:22 INFO  BaseTest:getBrowserType:Headless chrome is configured
2023-09-02-21:48:49 INFO  BaseTest:getBrowserType:Headless chrome is configured
2023-09-02-21:48:51 INFO  BaseTest:setup:loginTest1Test object is reporting
2023-09-02-21:51:31 INFO  BaseTest:getBrowserType:Headless chrome is configured
2023-09-03-07:06:33 INFO  BaseTest:getBrowserType:Headless chrome is configured
2023-09-03-07:06:37 INFO  BaseTest:setup:userMenuDropDown_TC06Test object is reporting
2023-09-03-07:07:41 INFO  BaseTest:getBrowserType:Headless chrome is configured
2023-09-03-07:07:43 INFO  BaseTest:setup:navigateToHomeTest object is reporting
2023-09-03-07:07:49 INFO  BaseTest:setup:userMenuDropDown_TC06Test object is reporting
2023-09-03-07:08:53 INFO  BaseTest:getBrowserType:Headless chrome is configured
2023-09-03-07:08:55 INFO  BaseTest:setup:loginTest1Test object is reporting
2023-09-03-07:10:13 INFO  BaseTest:getBrowserType:Headless chrome is configured
2023-09-03-07:10:15 INFO  BaseTest:setup:loginTest1Test object is reporting
2023-09-03-07:10:39 INFO  BaseTest:getBrowserType:Headless chrome is configured
2023-09-03-07:10:42 INFO  BaseTest:setup:userMenuDropDown_TC06Test object is reporting
2023-09-03-07:19:13 INFO  BaseTest:getBrowserType:Headless chrome is configured
2023-09-03-07:19:16 INFO  BaseTest:setup:userMenuDropDown_TC06Test object is reporting
2023-09-03-07:32:19 INFO  BaseTest:getBrowserType:Headless chrome is configured
2023-09-03-07:32:22 INFO  BaseTest:setup:userMenuDropDown_TC06Test object is reporting
2023-09-04-15:19:25 INFO  BaseTest:getBrowserType:Headless chrome is configured
2023-09-04-15:19:29 INFO  BaseTest:setup:loginTest1Test object is reporting
2023-09-04-15:19:51 INFO  BaseTest:getBrowserType:Headless chrome is configured
2023-09-04-15:19:53 INFO  BaseTest:setup:navigateToHomeTest object is reporting
2023-09-04-15:19:56 INFO  BaseTest:setup:userMenuDropDown_TC06Test object is reporting
2023-09-04-15:20:48 INFO  BaseTest:getBrowserType:Headless chrome is configured
2023-09-04-15:20:50 INFO  BaseTest:setup:userMenuDropDown_TC06Test object is reporting
2023-09-04-15:21:44 INFO  BaseTest:getBrowserType:Headless chrome is configured
2023-09-04-15:21:46 INFO  BaseTest:setup:userMenuDropDown_TC06Test object is reporting
2023-09-04-15:24:57 INFO  BaseTest:getBrowserType:Headless chrome is configured
2023-09-04-15:25:00 INFO  BaseTest:setup:userMenuDropDown_TC06Test object is reporting
2023-09-04-16:12:36 INFO  BaseTest:getBrowserType:Headless chrome is configured
2023-09-04-16:12:39 INFO  BaseTest:setup:userMenuDropDown_TC06Test object is reporting
